# JRE version: Java(TM) SE Runtime Environment (19.0.2+7) (build 19.0.2+7-44)
# Java VM: Java HotSpot(TM) 64-Bit Server VM (19.0.2+7-44, mixed mode, sharing, tiered, compressed oops, compressed class ptrs, g1 gc, windows-amd64)
GC Precious Log:
 CardTable entry size: 512
 Card Set container configuration: InlinePtr #cards 4 size 8 Array Of Cards #cards 32 size 80 Howl #buckets 8 coarsen threshold 7372 Howl Bitmap #cards 1024 size 144 coarsen threshold 921 Card regions per heap region 1 cards per card region 8192
 CPUs: 12 total, 12 available
 Memory: 7501M
 Large Page Support: Disabled
 NUMA Support: Disabled
 Compressed Oops: Enabled (Zero based)
 Heap Region Size: 4M
 Heap Min Capacity: 8M
 Heap Initial Capacity: 120M
 Heap Max Capacity: 8G
 Pre-touch: Disabled
 Parallel Workers: 10
 Concurrent Workers: 3
 Concurrent Refinement Workers: 10
 Periodic GC: Disabled
Heap:
 garbage-first heap   total 139264K, used 82302K [0x0000000600000000, 0x0000000800000000)
  region size 4096K, 1 young (4096K), 1 survivors (4096K)
 Metaspace       used 74921K, committed 77056K, reserved 1179648K
  class space    used 10457K, committed 11584K, reserved 1048576K
GC Heap History (20 events):
Event: 16.828 GC heap after
{Heap after GC invocations=18 (full 0):
 garbage-first heap   total 139264K, used 64604K [0x0000000600000000, 0x0000000800000000)
  region size 4096K, 1 young (4096K), 1 survivors (4096K)
 Metaspace       used 63176K, committed 65152K, reserved 1114112K
  class space    used 8831K, committed 9856K, reserved 1048576K
}
Event: 16.879 GC heap before
{Heap before GC invocations=18 (full 0):
 garbage-first heap   total 139264K, used 68700K [0x0000000600000000, 0x0000000800000000)
  region size 4096K, 2 young (8192K), 1 survivors (4096K)
 Metaspace       used 63631K, committed 65600K, reserved 1114112K
  class space    used 8889K, committed 9920K, reserved 1048576K
}
Event: 16.884 GC heap after
{Heap after GC invocations=19 (full 0):
 garbage-first heap   total 139264K, used 64123K [0x0000000600000000, 0x0000000800000000)
  region size 4096K, 1 young (4096K), 1 survivors (4096K)
 Metaspace       used 63631K, committed 65600K, reserved 1114112K
  class space    used 8889K, committed 9920K, reserved 1048576K
}
Event: 17.569 GC heap before
{Heap before GC invocations=19 (full 0):
 garbage-first heap   total 139264K, used 100987K [0x0000000600000000, 0x0000000800000000)
  region size 4096K, 11 young (45056K), 1 survivors (4096K)
 Metaspace       used 66678K, committed 68672K, reserved 1114112K
  class space    used 9263K, committed 10304K, reserved 1048576K
}
Event: 17.573 GC heap after
{Heap after GC invocations=20 (full 0):
 garbage-first heap   total 139264K, used 65994K [0x0000000600000000, 0x0000000800000000)
  region size 4096K, 1 young (4096K), 1 survivors (4096K)
 Metaspace       used 66678K, committed 68672K, reserved 1114112K
  class space    used 9263K, committed 10304K, reserved 1048576K
}
Event: 18.401 GC heap before
{Heap before GC invocations=21 (full 0):
 garbage-first heap   total 139264K, used 106954K [0x0000000600000000, 0x0000000800000000)
  region size 4096K, 11 young (45056K), 1 survivors (4096K)
 Metaspace       used 68433K, committed 70400K, reserved 1114112K
  class space    used 9503K, committed 10560K, reserved 1048576K
}
Event: 18.406 GC heap after
{Heap after GC invocations=22 (full 0):
 garbage-first heap   total 139264K, used 70023K [0x0000000600000000, 0x0000000800000000)
  region size 4096K, 2 young (8192K), 2 survivors (8192K)
 Metaspace       used 68433K, committed 70400K, reserved 1114112K
  class space    used 9503K, committed 10560K, reserved 1048576K
}
Event: 18.515 GC heap before
{Heap before GC invocations=22 (full 0):
 garbage-first heap   total 139264K, used 74119K [0x0000000600000000, 0x0000000800000000)
  region size 4096K, 3 young (12288K), 2 survivors (8192K)
 Metaspace       used 68585K, committed 70528K, reserved 1114112K
  class space    used 9525K, committed 10560K, reserved 1048576K
}
Event: 18.521 GC heap after
{Heap after GC invocations=23 (full 0):
 garbage-first heap   total 139264K, used 68942K [0x0000000600000000, 0x0000000800000000)
  region size 4096K, 1 young (4096K), 1 survivors (4096K)
 Metaspace       used 68585K, committed 70528K, reserved 1114112K
  class space    used 9525K, committed 10560K, reserved 1048576K
}
Event: 19.297 GC heap before
{Heap before GC invocations=23 (full 0):
 garbage-first heap   total 139264K, used 105806K [0x0000000600000000, 0x0000000800000000)
  region size 4096K, 10 young (40960K), 1 survivors (4096K)
 Metaspace       used 71503K, committed 73536K, reserved 1114112K
  class space    used 9951K, committed 11008K, reserved 1048576K
}
Event: 19.302 GC heap after
{Heap after GC invocations=24 (full 0):
 garbage-first heap   total 139264K, used 70645K [0x0000000600000000, 0x0000000800000000)
  region size 4096K, 1 young (4096K), 1 survivors (4096K)
 Metaspace       used 71503K, committed 73536K, reserved 1114112K
  class space    used 9951K, committed 11008K, reserved 1048576K
}
Event: 20.251 GC heap before
{Heap before GC invocations=25 (full 0):
 garbage-first heap   total 139264K, used 107509K [0x0000000600000000, 0x0000000800000000)
  region size 4096K, 10 young (40960K), 1 survivors (4096K)
 Metaspace       used 73807K, committed 75776K, reserved 1114112K
  class space    used 10357K, committed 11392K, reserved 1048576K
}
Event: 20.258 GC heap after
{Heap after GC invocations=26 (full 0):
 garbage-first heap   total 139264K, used 75385K [0x0000000600000000, 0x0000000800000000)
  region size 4096K, 2 young (8192K), 2 survivors (8192K)
 Metaspace       used 73807K, committed 75776K, reserved 1114112K
  class space    used 10357K, committed 11392K, reserved 1048576K
}
Event: 20.378 GC heap before
{Heap before GC invocations=26 (full 0):
 garbage-first heap   total 139264K, used 79481K [0x0000000600000000, 0x0000000800000000)
  region size 4096K, 3 young (12288K), 2 survivors (8192K)
 Metaspace       used 74142K, committed 76160K, reserved 1114112K
  class space    used 10416K, committed 11456K, reserved 1048576K
}
Event: 20.385 GC heap after
{Heap after GC invocations=27 (full 0):
 garbage-first heap   total 139264K, used 75164K [0x0000000600000000, 0x0000000800000000)
  region size 4096K, 1 young (4096K), 1 survivors (4096K)
 Metaspace       used 74142K, committed 76160K, reserved 1114112K
  class space    used 10416K, committed 11456K, reserved 1048576K
}
Event: 21.774 GC heap before
{Heap before GC invocations=27 (full 0):
 garbage-first heap   total 139264K, used 99740K [0x0000000600000000, 0x0000000800000000)
  region size 4096K, 8 young (32768K), 1 survivors (4096K)
 Metaspace       used 74693K, committed 76800K, reserved 1179648K
  class space    used 10455K, committed 11584K, reserved 1048576K
}
Event: 21.778 GC heap after
{Heap after GC invocations=28 (full 0):
 garbage-first heap   total 139264K, used 79559K [0x0000000600000000, 0x0000000800000000)
  region size 4096K, 1 young (4096K), 1 survivors (4096K)
 Metaspace       used 74693K, committed 76800K, reserved 1179648K
  class space    used 10455K, committed 11584K, reserved 1048576K
}
Event: 22.153 GC heap before
{Heap before GC invocations=28 (full 0):
 garbage-first heap   total 139264K, used 104135K [0x0000000600000000, 0x0000000800000000)
  region size 4096K, 8 young (32768K), 1 survivors (4096K)
 Metaspace       used 74848K, committed 76928K, reserved 1179648K
  class space    used 10455K, committed 11584K, reserved 1048576K
}
Event: 22.157 GC heap after
{Heap after GC invocations=29 (full 0):
 garbage-first heap   total 139264K, used 81353K [0x0000000600000000, 0x0000000800000000)
  region size 4096K, 1 young (4096K), 1 survivors (4096K)
 Metaspace       used 74848K, committed 76928K, reserved 1179648K
  class space    used 10455K, committed 11584K, reserved 1048576K
}
Event: 22.676 GC heap before
{Heap before GC invocations=29 (full 0):
 garbage-first heap   total 139264K, used 101833K [0x0000000600000000, 0x0000000800000000)
  region size 4096K, 7 young (28672K), 1 survivors (4096K)
 Metaspace       used 74921K, committed 77056K, reserved 1179648K
  class space    used 10457K, committed 11584K, reserved 1048576K
}

