# JRE version: Java(TM) SE Runtime Environment (19.0.2+7) (build 19.0.2+7-44)
# Java VM: Java HotSpot(TM) 64-Bit Server VM (19.0.2+7-44, mixed mode, sharing, tiered, compressed oops, compressed class ptrs, g1 gc, windows-amd64)
GC Precious Log:
 CardTable entry size: 512
 Card Set container configuration: InlinePtr #cards 4 size 8 Array Of Cards #cards 32 size 80 Howl #buckets 8 coarsen threshold 7372 Howl Bitmap #cards 1024 size 144 coarsen threshold 921 Card regions per heap region 1 cards per card region 8192
 CPUs: 12 total, 12 available
 Memory: 7501M
 Large Page Support: Disabled
 NUMA Support: Disabled
 Compressed Oops: Enabled (Zero based)
 Heap Region Size: 4M
 Heap Min Capacity: 8M
 Heap Initial Capacity: 120M
 Heap Max Capacity: 8G
 Pre-touch: Disabled
 Parallel Workers: 10
 Concurrent Workers: 3
 Concurrent Refinement Workers: 10
 Periodic GC: Disabled
Heap:
 garbage-first heap   total 274432K, used 120001K [0x0000000600000000, 0x0000000800000000)
  region size 4096K, 2 young (8192K), 2 survivors (8192K)
 Metaspace       used 88628K, committed 90880K, reserved 1179648K
  class space    used 12133K, committed 13312K, reserved 1048576K
GC Heap History (20 events):
Event: 20.890 GC heap after
{Heap after GC invocations=29 (full 0):
 garbage-first heap   total 135168K, used 74218K [0x0000000600000000, 0x0000000800000000)
  region size 4096K, 1 young (4096K), 1 survivors (4096K)
 Metaspace       used 72228K, committed 74304K, reserved 1114112K
  class space    used 10169K, committed 11264K, reserved 1048576K
}
Event: 21.206 GC heap before
{Heap before GC invocations=29 (full 0):
 garbage-first heap   total 135168K, used 102890K [0x0000000600000000, 0x0000000800000000)
  region size 4096K, 8 young (32768K), 1 survivors (4096K)
 Metaspace       used 72425K, committed 74496K, reserved 1114112K
  class space    used 10176K, committed 11264K, reserved 1048576K
}
Event: 21.210 GC heap after
{Heap after GC invocations=30 (full 0):
 garbage-first heap   total 135168K, used 76434K [0x0000000600000000, 0x0000000800000000)
  region size 4096K, 1 young (4096K), 1 survivors (4096K)
 Metaspace       used 72425K, committed 74496K, reserved 1114112K
  class space    used 10176K, committed 11264K, reserved 1048576K
}
Event: 21.477 GC heap before
{Heap before GC invocations=31 (full 0):
 garbage-first heap   total 143360K, used 105106K [0x0000000600000000, 0x0000000800000000)
  region size 4096K, 8 young (32768K), 1 survivors (4096K)
 Metaspace       used 72519K, committed 74560K, reserved 1114112K
  class space    used 10177K, committed 11264K, reserved 1048576K
}
Event: 21.481 GC heap after
{Heap after GC invocations=32 (full 0):
 garbage-first heap   total 274432K, used 77463K [0x0000000600000000, 0x0000000800000000)
  region size 4096K, 1 young (4096K), 1 survivors (4096K)
 Metaspace       used 72519K, committed 74560K, reserved 1114112K
  class space    used 10177K, committed 11264K, reserved 1048576K
}
Event: 21.540 GC heap before
{Heap before GC invocations=32 (full 0):
 garbage-first heap   total 274432K, used 85655K [0x0000000600000000, 0x0000000800000000)
  region size 4096K, 3 young (12288K), 1 survivors (4096K)
 Metaspace       used 72527K, committed 74560K, reserved 1114112K
  class space    used 10177K, committed 11264K, reserved 1048576K
}
Event: 21.547 GC heap after
{Heap after GC invocations=33 (full 0):
 garbage-first heap   total 274432K, used 75930K [0x0000000600000000, 0x0000000800000000)
  region size 4096K, 1 young (4096K), 1 survivors (4096K)
 Metaspace       used 72527K, committed 74560K, reserved 1114112K
  class space    used 10177K, committed 11264K, reserved 1048576K
}
Event: 22.839 GC heap before
{Heap before GC invocations=33 (full 0):
 garbage-first heap   total 274432K, used 207002K [0x0000000600000000, 0x0000000800000000)
  region size 4096K, 34 young (139264K), 1 survivors (4096K)
 Metaspace       used 72591K, committed 74688K, reserved 1114112K
  class space    used 10178K, committed 11264K, reserved 1048576K
}
Event: 22.846 GC heap after
{Heap after GC invocations=34 (full 0):
 garbage-first heap   total 274432K, used 89018K [0x0000000600000000, 0x0000000800000000)
  region size 4096K, 4 young (16384K), 4 survivors (16384K)
 Metaspace       used 72591K, committed 74688K, reserved 1114112K
  class space    used 10178K, committed 11264K, reserved 1048576K
}
Event: 24.815 GC heap before
{Heap before GC invocations=35 (full 0):
 garbage-first heap   total 274432K, used 207802K [0x0000000600000000, 0x0000000800000000)
  region size 4096K, 34 young (139264K), 4 survivors (16384K)
 Metaspace       used 79678K, committed 81792K, reserved 1179648K
  class space    used 10953K, committed 12096K, reserved 1048576K
}
Event: 24.827 GC heap after
{Heap after GC invocations=36 (full 0):
 garbage-first heap   total 274432K, used 105012K [0x0000000600000000, 0x0000000800000000)
  region size 4096K, 5 young (20480K), 5 survivors (20480K)
 Metaspace       used 79678K, committed 81792K, reserved 1179648K
  class space    used 10953K, committed 12096K, reserved 1048576K
}
Event: 24.840 GC heap before
{Heap before GC invocations=36 (full 0):
 garbage-first heap   total 274432K, used 109108K [0x0000000600000000, 0x0000000800000000)
  region size 4096K, 6 young (24576K), 5 survivors (20480K)
 Metaspace       used 79679K, committed 81792K, reserved 1179648K
  class space    used 10953K, committed 12096K, reserved 1048576K
}
Event: 24.848 GC heap after
{Heap after GC invocations=37 (full 0):
 garbage-first heap   total 274432K, used 105789K [0x0000000600000000, 0x0000000800000000)
  region size 4096K, 1 young (4096K), 1 survivors (4096K)
 Metaspace       used 79679K, committed 81792K, reserved 1179648K
  class space    used 10953K, committed 12096K, reserved 1048576K
}
Event: 26.434 GC heap before
{Heap before GC invocations=37 (full 0):
 garbage-first heap   total 274432K, used 204093K [0x0000000600000000, 0x0000000800000000)
  region size 4096K, 26 young (106496K), 1 survivors (4096K)
 Metaspace       used 86963K, committed 89088K, reserved 1179648K
  class space    used 11899K, committed 12992K, reserved 1048576K
}
Event: 26.439 GC heap after
{Heap after GC invocations=38 (full 0):
 garbage-first heap   total 274432K, used 107695K [0x0000000600000000, 0x0000000800000000)
  region size 4096K, 2 young (8192K), 2 survivors (8192K)
 Metaspace       used 86963K, committed 89088K, reserved 1179648K
  class space    used 11899K, committed 12992K, reserved 1048576K
}
Event: 28.167 GC heap before
{Heap before GC invocations=39 (full 0):
 garbage-first heap   total 274432K, used 210095K [0x0000000600000000, 0x0000000800000000)
  region size 4096K, 27 young (110592K), 2 survivors (8192K)
 Metaspace       used 88606K, committed 90880K, reserved 1179648K
  class space    used 12132K, committed 13312K, reserved 1048576K
}
Event: 28.176 GC heap after
{Heap after GC invocations=40 (full 0):
 garbage-first heap   total 274432K, used 117033K [0x0000000600000000, 0x0000000800000000)
  region size 4096K, 4 young (16384K), 4 survivors (16384K)
 Metaspace       used 88606K, committed 90880K, reserved 1179648K
  class space    used 12132K, committed 13312K, reserved 1048576K
}
Event: 28.188 GC heap before
{Heap before GC invocations=40 (full 0):
 garbage-first heap   total 274432K, used 121129K [0x0000000600000000, 0x0000000800000000)
  region size 4096K, 5 young (20480K), 4 survivors (16384K)
 Metaspace       used 88606K, committed 90880K, reserved 1179648K
  class space    used 12132K, committed 13312K, reserved 1048576K
}
Event: 28.197 GC heap after
{Heap after GC invocations=41 (full 0):
 garbage-first heap   total 274432K, used 117927K [0x0000000600000000, 0x0000000800000000)
  region size 4096K, 1 young (4096K), 1 survivors (4096K)
 Metaspace       used 88606K, committed 90880K, reserved 1179648K
  class space    used 12132K, committed 13312K, reserved 1048576K
}
Event: 28.931 GC heap before
{Heap before GC invocations=41 (full 0):
 garbage-first heap   total 274432K, used 208039K [0x0000000600000000, 0x0000000800000000)
  region size 4096K, 24 young (98304K), 1 survivors (4096K)
 Metaspace       used 88628K, committed 90880K, reserved 1179648K
  class space    used 12133K, committed 13312K, reserved 1048576K
}

